\BOOKMARK [1][-]{section.1}{\376\377\000I\000n\000t\000r\000o\000d\000u\000c\000t\000i\000o\000n\000:\000\040\000T\000h\000e\000\040\000E\000n\000d\000\040\000o\000f\000\040\000D\000e\000t\000e\000r\000m\000i\000n\000i\000s\000m}{}% 1
\BOOKMARK [1][-]{section.2}{\376\377\000T\000h\000e\000\040\000P\000r\000o\000g\000r\000a\000m\000m\000i\000n\000g\000\040\000C\000r\000i\000s\000i\000s\000:\000\040\000W\000h\000y\000\040\000T\000r\000a\000d\000i\000t\000i\000o\000n\000a\000l\000\040\000C\000o\000m\000p\000i\000l\000a\000t\000i\000o\000n\000\040\000F\000a\000i\000l\000s}{}% 2
\BOOKMARK [2][-]{subsection.2.1}{\376\377\000T\000h\000e\000\040\000S\000p\000e\000c\000i\000f\000i\000c\000a\000t\000i\000o\000n\000\040\000G\000a\000p}{section.2}% 3
\BOOKMARK [2][-]{subsection.2.2}{\376\377\000F\000a\000i\000l\000u\000r\000e\000\040\000M\000o\000d\000e\000\040\0001\000:\000\040\000N\000o\000n\000-\000R\000e\000p\000r\000o\000d\000u\000c\000i\000b\000l\000e\000\040\000E\000x\000e\000c\000u\000t\000i\000o\000n}{section.2}% 4
\BOOKMARK [2][-]{subsection.2.3}{\376\377\000F\000a\000i\000l\000u\000r\000e\000\040\000M\000o\000d\000e\000\040\0002\000:\000\040\000E\000n\000v\000i\000r\000o\000n\000m\000e\000n\000t\000-\000D\000e\000p\000e\000n\000d\000e\000n\000t\000\040\000S\000e\000m\000a\000n\000t\000i\000c\000s}{section.2}% 5
\BOOKMARK [2][-]{subsection.2.4}{\376\377\000F\000a\000i\000l\000u\000r\000e\000\040\000M\000o\000d\000e\000\040\0003\000:\000\040\000C\000a\000l\000i\000b\000r\000a\000t\000i\000o\000n\000-\000D\000e\000p\000e\000n\000d\000e\000n\000t\000\040\000C\000o\000r\000r\000e\000c\000t\000n\000e\000s\000s}{section.2}% 6
\BOOKMARK [2][-]{subsection.2.5}{\376\377\000F\000a\000i\000l\000u\000r\000e\000\040\000M\000o\000d\000e\000\040\0004\000:\000\040\000S\000t\000o\000c\000h\000a\000s\000t\000i\000c\000\040\000S\000e\000m\000a\000n\000t\000i\000c\000s}{section.2}% 7
\BOOKMARK [2][-]{subsection.2.6}{\376\377\000F\000a\000i\000l\000u\000r\000e\000\040\000M\000o\000d\000e\000\040\0005\000:\000\040\000A\000p\000p\000r\000o\000x\000i\000m\000a\000t\000e\000\040\000C\000o\000r\000r\000e\000c\000t\000n\000e\000s\000s}{section.2}% 8
\BOOKMARK [2][-]{subsection.2.7}{\376\377\000W\000h\000y\000\040\000E\000x\000i\000s\000t\000i\000n\000g\000\040\000A\000p\000p\000r\000o\000a\000c\000h\000e\000s\000\040\000F\000a\000i\000l}{section.2}% 9
\BOOKMARK [2][-]{subsection.2.8}{\376\377\000T\000h\000e\000\040\000C\000o\000m\000p\000i\000l\000e\000r\000'\000s\000\040\000D\000i\000l\000e\000m\000m\000a}{section.2}% 10
\BOOKMARK [2][-]{subsection.2.9}{\376\377\000C\000o\000m\000p\000l\000e\000x\000i\000t\000y\000\040\000A\000n\000a\000l\000y\000s\000i\000s}{section.2}% 11
\BOOKMARK [2][-]{subsection.2.10}{\376\377\000T\000h\000e\000\040\000V\000e\000r\000i\000f\000i\000c\000a\000t\000i\000o\000n\000\040\000C\000r\000i\000s\000i\000s}{section.2}% 12
\BOOKMARK [1][-]{section.3}{\376\377\000A\000r\000c\000h\000i\000t\000e\000c\000t\000u\000r\000a\000l\000\040\000S\000u\000r\000v\000e\000y\000:\000\040\000S\000i\000x\000\040\000C\000l\000a\000s\000s\000e\000s\000\040\000o\000f\000\040\000U\000n\000d\000e\000r\000-\000S\000p\000e\000c\000i\000f\000i\000e\000d\000\040\000C\000o\000m\000p\000u\000t\000e}{}% 13
\BOOKMARK [2][-]{subsection.3.1}{\376\377\000A\000n\000a\000l\000o\000g\000\040\000a\000n\000d\000\040\000M\000i\000x\000e\000d\000-\000S\000i\000g\000n\000a\000l\000\040\000C\000i\000r\000c\000u\000i\000t\000s}{section.3}% 14
\BOOKMARK [2][-]{subsection.3.2}{\376\377\000N\000e\000u\000r\000o\000m\000o\000r\000p\000h\000i\000c\000\040\000a\000n\000d\000\040\000S\000p\000i\000k\000i\000n\000g\000\040\000C\000i\000r\000c\000u\000i\000t\000s}{section.3}% 15
\BOOKMARK [2][-]{subsection.3.3}{\376\377\000O\000p\000t\000i\000c\000a\000l\000\040\000C\000o\000m\000p\000u\000t\000i\000n\000g}{section.3}% 16
\BOOKMARK [2][-]{subsection.3.4}{\376\377\000Q\000u\000a\000n\000t\000u\000m\000\040\000C\000o\000m\000p\000u\000t\000i\000n\000g}{section.3}% 17
\BOOKMARK [2][-]{subsection.3.5}{\376\377\000A\000p\000p\000r\000o\000x\000i\000m\000a\000t\000e\000\040\000C\000o\000m\000p\000u\000t\000i\000n\000g}{section.3}% 18
\BOOKMARK [2][-]{subsection.3.6}{\376\377\000S\000t\000o\000c\000h\000a\000s\000t\000i\000c\000\040\000a\000n\000d\000\040\000P\000r\000o\000b\000a\000b\000i\000l\000i\000s\000t\000i\000c\000\040\000L\000o\000g\000i\000c}{section.3}% 19
\BOOKMARK [1][-]{section.4}{\376\377\000A\000\040\000N\000e\000w\000\040\000P\000a\000r\000a\000d\000i\000g\000m\000:\000\040\000H\000a\000r\000d\000w\000a\000r\000e\000-\000i\000n\000-\000t\000h\000e\000-\000L\000o\000o\000p\000\040\000O\000p\000t\000i\000m\000i\000z\000a\000t\000i\000o\000n}{}% 20
\BOOKMARK [2][-]{subsection.4.1}{\376\377\000T\000h\000e\000\040\000O\000p\000t\000i\000m\000i\000z\000a\000t\000i\000o\000n\000\040\000L\000o\000o\000p}{section.4}% 21
\BOOKMARK [2][-]{subsection.4.2}{\376\377\000S\000e\000a\000r\000c\000h\000-\000S\000p\000a\000c\000e\000\040\000S\000h\000a\000p\000i\000n\000g}{section.4}% 22
\BOOKMARK [2][-]{subsection.4.3}{\376\377\000T\000h\000e\000o\000r\000e\000t\000i\000c\000a\000l\000\040\000F\000o\000u\000n\000d\000a\000t\000i\000o\000n\000s}{section.4}% 23
\BOOKMARK [2][-]{subsection.4.4}{\376\377\000A\000p\000p\000l\000i\000c\000a\000t\000i\000o\000n\000:\000\040\000D\000i\000s\000t\000r\000i\000b\000u\000t\000e\000d\000\040\000A\000r\000t\000i\000f\000i\000c\000i\000a\000l\000\040\000N\000e\000u\000r\000o\000n\000\040\000N\000o\000d\000e\000s}{section.4}% 24
\BOOKMARK [1][-]{section.5}{\376\377\000D\000i\000s\000c\000u\000s\000s\000i\000o\000n\000:\000\040\000I\000m\000p\000l\000i\000c\000a\000t\000i\000o\000n\000s\000\040\000f\000o\000r\000\040\000C\000o\000m\000p\000u\000t\000i\000n\000g}{}% 25
\BOOKMARK [1][-]{section.6}{\376\377\000C\000o\000n\000c\000l\000u\000s\000i\000o\000n}{}% 26
