\BOOKMARK [0][-]{chapter*.2}{\376\377\000E\000x\000e\000c\000u\000t\000i\000v\000e\000\040\000S\000u\000m\000m\000a\000r\000y}{}% 1
\BOOKMARK [0][-]{chapter.1}{\376\377\000T\000e\000c\000h\000n\000o\000l\000o\000g\000y\000\040\000O\000v\000e\000r\000v\000i\000e\000w}{}% 2
\BOOKMARK [1][-]{section.1.1}{\376\377\000T\000h\000e\000\040\000A\000b\000s\000t\000r\000a\000c\000t\000i\000o\000n\000\040\000G\000a\000p}{chapter.1}% 3
\BOOKMARK [1][-]{section.1.2}{\376\377\000G\000r\000a\000m\000m\000a\000r\000-\000C\000o\000n\000s\000t\000r\000a\000i\000n\000e\000d\000\040\000S\000m\000a\000l\000l\000\040\000L\000a\000n\000g\000u\000a\000g\000e\000\040\000M\000o\000d\000e\000l\000s}{chapter.1}% 4
\BOOKMARK [2][-]{subsection.1.2.1}{\376\377\000S\000m\000a\000l\000l\000\040\000L\000a\000n\000g\000u\000a\000g\000e\000\040\000M\000o\000d\000e\000l\000s}{section.1.2}% 5
\BOOKMARK [2][-]{subsection.1.2.2}{\376\377\000G\000r\000a\000m\000m\000a\000r\000-\000G\000u\000i\000d\000e\000d\000\040\000D\000e\000c\000o\000d\000i\000n\000g}{section.1.2}% 6
\BOOKMARK [2][-]{subsection.1.2.3}{\376\377\000S\000e\000a\000r\000c\000h\000\040\000S\000p\000a\000c\000e\000\040\000R\000e\000d\000u\000c\000t\000i\000o\000n}{section.1.2}% 7
\BOOKMARK [1][-]{section.1.3}{\376\377\000S\000p\000a\000r\000s\000e\000\040\000L\000o\000w\000-\000R\000a\000n\000k\000\040\000A\000d\000a\000p\000t\000a\000t\000i\000o\000n\000\040\000\050\000S\000-\000L\000o\000R\000A\000\051}{chapter.1}% 8
\BOOKMARK [1][-]{section.1.4}{\376\377\000M\000i\000c\000r\000o\000-\000I\000n\000t\000e\000r\000p\000r\000e\000t\000e\000r}{chapter.1}% 9
\BOOKMARK [0][-]{chapter.2}{\376\377\000I\000n\000t\000e\000l\000l\000e\000c\000t\000u\000a\000l\000\040\000P\000r\000o\000p\000e\000r\000t\000y}{}% 10
\BOOKMARK [1][-]{section.2.1}{\376\377\000P\000a\000t\000e\000n\000t\000\040\000O\000v\000e\000r\000v\000i\000e\000w}{chapter.2}% 11
\BOOKMARK [1][-]{section.2.2}{\376\377\000I\000n\000d\000e\000p\000e\000n\000d\000e\000n\000t\000\040\000C\000l\000a\000i\000m\000s}{chapter.2}% 12
\BOOKMARK [1][-]{section.2.3}{\376\377\000K\000e\000y\000\040\000D\000e\000p\000e\000n\000d\000e\000n\000t\000\040\000C\000l\000a\000i\000m\000s}{chapter.2}% 13
\BOOKMARK [1][-]{section.2.4}{\376\377\000F\000r\000e\000e\000d\000o\000m\000\040\000t\000o\000\040\000O\000p\000e\000r\000a\000t\000e}{chapter.2}% 14
\BOOKMARK [0][-]{chapter.3}{\376\377\000C\000o\000m\000m\000e\000r\000c\000i\000a\000l\000\040\000O\000p\000p\000o\000r\000t\000u\000n\000i\000t\000y}{}% 15
\BOOKMARK [1][-]{section.3.1}{\376\377\000M\000a\000r\000k\000e\000t\000\040\000L\000a\000n\000d\000s\000c\000a\000p\000e}{chapter.3}% 16
\BOOKMARK [1][-]{section.3.2}{\376\377\000T\000h\000e\000\040\000P\000r\000o\000b\000l\000e\000m\000\040\000W\000e\000\040\000S\000o\000l\000v\000e}{chapter.3}% 17
\BOOKMARK [1][-]{section.3.3}{\376\377\000C\000o\000m\000p\000e\000t\000i\000t\000i\000v\000e\000\040\000L\000a\000n\000d\000s\000c\000a\000p\000e}{chapter.3}% 18
\BOOKMARK [1][-]{section.3.4}{\376\377\000B\000u\000s\000i\000n\000e\000s\000s\000\040\000M\000o\000d\000e\000l}{chapter.3}% 19
\BOOKMARK [0][-]{chapter.4}{\376\377\000H\000a\000r\000d\000w\000a\000r\000e\000\040\000R\000o\000a\000d\000m\000a\000p\000\040\000\046\000\040\000F\000u\000n\000d\000i\000n\000g}{}% 20
\BOOKMARK [1][-]{section.4.1}{\376\377\000T\000h\000r\000e\000e\000-\000S\000t\000a\000g\000e\000\040\000H\000a\000r\000d\000w\000a\000r\000e\000\040\000S\000t\000r\000a\000t\000e\000g\000y}{chapter.4}% 21
\BOOKMARK [2][-]{subsection.4.1.1}{\376\377\000S\000t\000a\000g\000e\000\040\0001\000:\000\040\000A\000d\000d\000-\000O\000n\000\040\000M\000o\000d\000u\000l\000e\000\040\000\050\0001\0002\040\023\0002\0004\000\040\000m\000o\000n\000t\000h\000s\000\051}{section.4.1}% 22
\BOOKMARK [2][-]{subsection.4.1.2}{\376\377\000S\000t\000a\000g\000e\000\040\0002\000:\000\040\000S\000y\000s\000t\000e\000m\000-\000o\000n\000-\000P\000C\000B\000\040\000\050\0002\0004\040\023\0003\0006\000\040\000m\000o\000n\000t\000h\000s\000\051}{section.4.1}% 23
\BOOKMARK [2][-]{subsection.4.1.3}{\376\377\000S\000t\000a\000g\000e\000\040\0003\000:\000\040\000O\000n\000-\000C\000h\000i\000p\000\040\000/\000\040\000C\000u\000s\000t\000o\000m\000\040\000S\000i\000l\000i\000c\000o\000n\000\040\000\050\0003\0006\000+\000\040\000m\000o\000n\000t\000h\000s\000\051}{section.4.1}% 24
\BOOKMARK [1][-]{section.4.2}{\376\377\000F\000u\000n\000d\000i\000n\000g\000\040\000R\000e\000q\000u\000i\000r\000e\000m\000e\000n\000t\000s}{chapter.4}% 25
\BOOKMARK [2][-]{subsection.4.2.1}{\376\377\000P\000h\000a\000s\000e\000\040\0001\000:\000\040\000P\000r\000o\000o\000f\000\040\000o\000f\000\040\000C\000o\000n\000c\000e\000p\000t\000\040\000\050\000\044\0005\0000\0000\000K\000,\000\040\0001\0002\000\040\000m\000o\000n\000t\000h\000s\000\051}{section.4.2}% 26
\BOOKMARK [2][-]{subsection.4.2.2}{\376\377\000P\000h\000a\000s\000e\000\040\0002\000:\000\040\000P\000r\000o\000d\000u\000c\000t\000\040\000D\000e\000v\000e\000l\000o\000p\000m\000e\000n\000t\000\040\000\050\000\044\0002\000M\000,\000\040\0001\0008\000\040\000m\000o\000n\000t\000h\000s\000\051}{section.4.2}% 27
\BOOKMARK [2][-]{subsection.4.2.3}{\376\377\000P\000h\000a\000s\000e\000\040\0003\000:\000\040\000S\000c\000a\000l\000e\000\040\000t\000o\000\040\000B\000r\000e\000a\000k\000e\000v\000e\000n\000\040\000\050\000\044\0005\040\023\0006\000M\000,\000\040\0002\0004\040\023\0003\0006\000\040\000m\000o\000n\000t\000h\000s\000\051}{section.4.2}% 28
\BOOKMARK [1][-]{section.4.3}{\376\377\000F\000u\000n\000d\000i\000n\000g\000\040\000S\000u\000m\000m\000a\000r\000y}{chapter.4}% 29
\BOOKMARK [1][-]{section.4.4}{\376\377\000U\000s\000e\000\040\000o\000f\000\040\000F\000u\000n\000d\000s}{chapter.4}% 30
\BOOKMARK [0][-]{chapter.5}{\376\377\000T\000e\000c\000h\000n\000i\000c\000a\000l\000\040\000S\000p\000e\000c\000i\000f\000i\000c\000a\000t\000i\000o\000n\000s}{}% 31
\BOOKMARK [1][-]{section.5.1}{\376\377\000S\000y\000s\000t\000e\000m\000\040\000R\000e\000q\000u\000i\000r\000e\000m\000e\000n\000t\000s}{chapter.5}% 32
\BOOKMARK [2][-]{subsection.5.1.1}{\376\377\000G\000e\000n\000e\000r\000a\000t\000i\000o\000n\000\040\000S\000y\000s\000t\000e\000m\000\040\000\050\000E\000d\000g\000e\000/\000C\000l\000o\000u\000d\000\051}{section.5.1}% 33
\BOOKMARK [2][-]{subsection.5.1.2}{\376\377\000T\000a\000r\000g\000e\000t\000\040\000H\000a\000r\000d\000w\000a\000r\000e}{section.5.1}% 34
\BOOKMARK [1][-]{section.5.2}{\376\377\000D\000S\000L\000\040\000G\000r\000a\000m\000m\000a\000r\000\040\000\050\000E\000x\000c\000e\000r\000p\000t\000\051}{chapter.5}% 35
\BOOKMARK [1][-]{section.5.3}{\376\377\000B\000y\000t\000e\000c\000o\000d\000e\000\040\000I\000n\000s\000t\000r\000u\000c\000t\000i\000o\000n\000\040\000S\000e\000t}{chapter.5}% 36
\BOOKMARK [1][-]{section.5.4}{\376\377\000S\000a\000f\000e\000t\000y\000\040\000G\000u\000a\000r\000a\000n\000t\000e\000e\000s}{chapter.5}% 37
\BOOKMARK [0][-]{chapter.6}{\376\377\000T\000h\000e\000o\000r\000e\000t\000i\000c\000a\000l\000\040\000F\000o\000u\000n\000d\000a\000t\000i\000o\000n\000s}{}% 38
\BOOKMARK [1][-]{section.6.1}{\376\377\000C\000o\000m\000p\000l\000e\000x\000i\000t\000y\000\040\000A\000n\000a\000l\000y\000s\000i\000s}{chapter.6}% 39
\BOOKMARK [1][-]{section.6.2}{\376\377\000C\000a\000p\000a\000c\000i\000t\000y\000\040\000L\000o\000w\000e\000r\000\040\000B\000o\000u\000n\000d\000s}{chapter.6}% 40
\BOOKMARK [1][-]{section.6.3}{\376\377\000S\000a\000m\000p\000l\000e\000\040\000C\000o\000m\000p\000l\000e\000x\000i\000t\000y}{chapter.6}% 41
\BOOKMARK [0][-]{appendix.A}{\376\377\000P\000a\000t\000e\000n\000t\000\040\000C\000l\000a\000i\000m\000s\000\040\000R\000e\000f\000e\000r\000e\000n\000c\000e}{}% 42
\BOOKMARK [0][-]{appendix.B}{\376\377\000C\000o\000n\000t\000a\000c\000t\000\040\000I\000n\000f\000o\000r\000m\000a\000t\000i\000o\000n}{}% 43
